<?xml version="1.0" encoding="UTF-8"?>
<!-- Generated by org.testng.reporters.JUnitReportReporter -->
<testsuite hostname="DESKTOP-E83PQSV" failures="0" tests="1" name="POM_TestPackage.LoginTestOrange" time="2.137" errors="0" timestamp="2024-11-21T01:03:55 IST" skipped="0">
  <testcase classname="POM_TestPackage.LoginTestOrange" name="testLogin" time="2.137"/>
  <system-out/>
</testsuite> <!-- POM_TestPackage.LoginTestOrange -->
