<?xml version="1.0" encoding="UTF-8"?>
<!-- Generated by org.testng.reporters.JUnitReportReporter -->
<testsuite hostname="DESKTOP-E83PQSV" failures="0" tests="1" name="POM_TestPackage.FbLoginTest" time="0.404" errors="0" timestamp="2024-11-20T20:08:22 IST" skipped="0">
  <testcase classname="POM_TestPackage.FbLoginTest" name="testLogin" time="0.404"/>
  <system-out/>
</testsuite> <!-- POM_TestPackage.FbLoginTest -->
