<?xml version="1.0" encoding="UTF-8"?>
<!-- Generated by org.testng.reporters.JUnitReportReporter -->
<testsuite hostname="DESKTOP-E83PQSV" failures="0" tests="1" name="POM_TestPackage.RishiTestLogin" time="3.055" errors="0" timestamp="2024-11-22T01:11:59 IST" skipped="0">
  <testcase classname="POM_TestPackage.RishiTestLogin" name="testLogin" time="3.055"/>
  <system-out/>
</testsuite> <!-- POM_TestPackage.RishiTestLogin -->
