<?xml version="1.0" encoding="UTF-8"?>
<!-- Generated by org.testng.reporters.JUnitReportReporter -->
<testsuite hostname="DESKTOP-E83PQSV" failures="0" tests="1" name="POM_TestPackage.TestPageFacotryFB" time="3.752" errors="0" timestamp="2024-11-21T12:37:32 IST" skipped="0">
  <testcase classname="POM_TestPackage.TestPageFacotryFB" name="createApage" time="3.752"/>
  <system-out/>
</testsuite> <!-- POM_TestPackage.TestPageFacotryFB -->
