<?xml version="1.0" encoding="UTF-8"?>
<!-- Generated by org.testng.reporters.JUnitReportReporter -->
<testsuite hostname="DESKTOP-E83PQSV" failures="0" tests="1" name="POM_TestPackage.RishiTest" time="8.641" errors="0" timestamp="2024-11-21T16:37:04 IST" skipped="0">
  <testcase classname="POM_TestPackage.RishiTest" name="testRishi" time="8.641"/>
  <system-out/>
</testsuite> <!-- POM_TestPackage.RishiTest -->
